.\Debug\SimpleSoccer.bsc
.\Debug\SimpleSoccer.ilk
.\Debug\SimpleSoccer.pdb
E:\Projects\MyProjects\Robo\1\SimpleSoccer\.\Debug\SimpleSoccer.exe
E:\Projects\MyProjects\Robo\1\SimpleSoccer\.\Debug\SimpleSoccer.exe.intermediate.manifest
E:\PROJECTS\MYPROJECTS\ROBO\1\SIMPLESOCCER\DEBUG\AGENT.OBJ
E:\PROJECTS\MYPROJECTS\ROBO\1\SIMPLESOCCER\DEBUG\AGENT.SBR
E:\PROJECTS\MYPROJECTS\ROBO\1\SIMPLESOCCER\DEBUG\AGENTMANAGER.OBJ
E:\PROJECTS\MYPROJECTS\ROBO\1\SIMPLESOCCER\DEBUG\AGENTMANAGER.SBR
E:\Projects\MyProjects\Robo\1\SimpleSoccer\Debug\BscMake.command.1.tlog
E:\Projects\MyProjects\Robo\1\SimpleSoccer\Debug\bscmake.read.1.tlog
E:\Projects\MyProjects\Robo\1\SimpleSoccer\Debug\bscmake.write.1.tlog
E:\PROJECTS\MYPROJECTS\ROBO\1\SIMPLESOCCER\DEBUG\CGDI.OBJ
E:\PROJECTS\MYPROJECTS\ROBO\1\SIMPLESOCCER\DEBUG\CGDI.SBR
E:\Projects\MyProjects\Robo\1\SimpleSoccer\Debug\cl.command.1.tlog
E:\Projects\MyProjects\Robo\1\SimpleSoccer\Debug\CL.read.1.tlog
E:\Projects\MyProjects\Robo\1\SimpleSoccer\Debug\CL.write.1.tlog
E:\PROJECTS\MYPROJECTS\ROBO\1\SIMPLESOCCER\DEBUG\DEBUGCONSOLE.OBJ
E:\PROJECTS\MYPROJECTS\ROBO\1\SIMPLESOCCER\DEBUG\DEBUGCONSOLE.SBR
E:\PROJECTS\MYPROJECTS\ROBO\1\SIMPLESOCCER\DEBUG\ENTITYMANAGER.OBJ
E:\PROJECTS\MYPROJECTS\ROBO\1\SIMPLESOCCER\DEBUG\ENTITYMANAGER.SBR
E:\PROJECTS\MYPROJECTS\ROBO\1\SIMPLESOCCER\DEBUG\FIELDPLAYER.OBJ
E:\PROJECTS\MYPROJECTS\ROBO\1\SIMPLESOCCER\DEBUG\FIELDPLAYER.SBR
E:\PROJECTS\MYPROJECTS\ROBO\1\SIMPLESOCCER\DEBUG\FIELDPLAYERSTATES.OBJ
E:\PROJECTS\MYPROJECTS\ROBO\1\SIMPLESOCCER\DEBUG\FIELDPLAYERSTATES.SBR
E:\PROJECTS\MYPROJECTS\ROBO\1\SIMPLESOCCER\DEBUG\FRAMECOUNTER.OBJ
E:\PROJECTS\MYPROJECTS\ROBO\1\SIMPLESOCCER\DEBUG\FRAMECOUNTER.SBR
E:\PROJECTS\MYPROJECTS\ROBO\1\SIMPLESOCCER\DEBUG\GOALKEEPER.OBJ
E:\PROJECTS\MYPROJECTS\ROBO\1\SIMPLESOCCER\DEBUG\GOALKEEPER.SBR
E:\PROJECTS\MYPROJECTS\ROBO\1\SIMPLESOCCER\DEBUG\GOALKEEPERSTATES.OBJ
E:\PROJECTS\MYPROJECTS\ROBO\1\SIMPLESOCCER\DEBUG\GOALKEEPERSTATES.SBR
E:\PROJECTS\MYPROJECTS\ROBO\1\SIMPLESOCCER\DEBUG\INIFILELOADERBASE.OBJ
E:\PROJECTS\MYPROJECTS\ROBO\1\SIMPLESOCCER\DEBUG\INIFILELOADERBASE.SBR
E:\Projects\MyProjects\Robo\1\SimpleSoccer\Debug\link.command.1.tlog
E:\Projects\MyProjects\Robo\1\SimpleSoccer\Debug\link.read.1.tlog
E:\Projects\MyProjects\Robo\1\SimpleSoccer\Debug\link.write.1.tlog
E:\Projects\MyProjects\Robo\1\SimpleSoccer\Debug\link-cvtres.read.1.tlog
E:\Projects\MyProjects\Robo\1\SimpleSoccer\Debug\link-cvtres.write.1.tlog
E:\PROJECTS\MYPROJECTS\ROBO\1\SIMPLESOCCER\DEBUG\MAIN.OBJ
E:\PROJECTS\MYPROJECTS\ROBO\1\SIMPLESOCCER\DEBUG\MAIN.SBR
E:\PROJECTS\MYPROJECTS\ROBO\1\SIMPLESOCCER\DEBUG\MESSAGE.OBJ
E:\PROJECTS\MYPROJECTS\ROBO\1\SIMPLESOCCER\DEBUG\MESSAGE.SBR
E:\PROJECTS\MYPROJECTS\ROBO\1\SIMPLESOCCER\DEBUG\MESSAGEEVENT.OBJ
E:\PROJECTS\MYPROJECTS\ROBO\1\SIMPLESOCCER\DEBUG\MESSAGEEVENT.SBR
E:\PROJECTS\MYPROJECTS\ROBO\1\SIMPLESOCCER\DEBUG\MOTIONAGENT.OBJ
E:\PROJECTS\MYPROJECTS\ROBO\1\SIMPLESOCCER\DEBUG\MOTIONAGENT.SBR
E:\Projects\MyProjects\Robo\1\SimpleSoccer\Debug\mt.command.1.tlog
E:\Projects\MyProjects\Robo\1\SimpleSoccer\Debug\mt.read.1.tlog
E:\Projects\MyProjects\Robo\1\SimpleSoccer\Debug\mt.write.1.tlog
E:\PROJECTS\MYPROJECTS\ROBO\1\SIMPLESOCCER\DEBUG\PARAMLOADER.OBJ
E:\PROJECTS\MYPROJECTS\ROBO\1\SIMPLESOCCER\DEBUG\PARAMLOADER.SBR
E:\PROJECTS\MYPROJECTS\ROBO\1\SIMPLESOCCER\DEBUG\PLAYERBASE.OBJ
E:\PROJECTS\MYPROJECTS\ROBO\1\SIMPLESOCCER\DEBUG\PLAYERBASE.SBR
E:\PROJECTS\MYPROJECTS\ROBO\1\SIMPLESOCCER\DEBUG\PRECISIONTIMER.OBJ
E:\PROJECTS\MYPROJECTS\ROBO\1\SIMPLESOCCER\DEBUG\PRECISIONTIMER.SBR
E:\Projects\MyProjects\Robo\1\SimpleSoccer\Debug\rc.command.1.tlog
E:\Projects\MyProjects\Robo\1\SimpleSoccer\Debug\rc.read.1.tlog
E:\Projects\MyProjects\Robo\1\SimpleSoccer\Debug\rc.write.1.tlog
E:\PROJECTS\MYPROJECTS\ROBO\1\SIMPLESOCCER\DEBUG\SCRIPT1.RES
E:\PROJECTS\MYPROJECTS\ROBO\1\SIMPLESOCCER\DEBUG\SIMPLESOCCER.BSC
E:\PROJECTS\MYPROJECTS\ROBO\1\SIMPLESOCCER\DEBUG\SIMPLESOCCER.EXE
E:\PROJECTS\MYPROJECTS\ROBO\1\SIMPLESOCCER\DEBUG\SIMPLESOCCER.EXE.EMBED.MANIFEST
E:\PROJECTS\MYPROJECTS\ROBO\1\SIMPLESOCCER\DEBUG\SIMPLESOCCER.EXE.EMBED.MANIFEST.RES
E:\PROJECTS\MYPROJECTS\ROBO\1\SIMPLESOCCER\DEBUG\SIMPLESOCCER.EXE.INTERMEDIATE.MANIFEST
E:\PROJECTS\MYPROJECTS\ROBO\1\SIMPLESOCCER\DEBUG\SIMPLESOCCER.ILK
E:\PROJECTS\MYPROJECTS\ROBO\1\SIMPLESOCCER\DEBUG\SIMPLESOCCER.PDB
E:\Projects\MyProjects\Robo\1\SimpleSoccer\Debug\SimpleSoccer_manifest.rc
E:\PROJECTS\MYPROJECTS\ROBO\1\SIMPLESOCCER\DEBUG\SOCCERBALL.OBJ
E:\PROJECTS\MYPROJECTS\ROBO\1\SIMPLESOCCER\DEBUG\SOCCERBALL.SBR
E:\PROJECTS\MYPROJECTS\ROBO\1\SIMPLESOCCER\DEBUG\SOCCERPITCH.OBJ
E:\PROJECTS\MYPROJECTS\ROBO\1\SIMPLESOCCER\DEBUG\SOCCERPITCH.SBR
E:\PROJECTS\MYPROJECTS\ROBO\1\SIMPLESOCCER\DEBUG\SOCCERTEAM.OBJ
E:\PROJECTS\MYPROJECTS\ROBO\1\SIMPLESOCCER\DEBUG\SOCCERTEAM.SBR
E:\PROJECTS\MYPROJECTS\ROBO\1\SIMPLESOCCER\DEBUG\STEERINGBEHAVIORS.OBJ
E:\PROJECTS\MYPROJECTS\ROBO\1\SIMPLESOCCER\DEBUG\STEERINGBEHAVIORS.SBR
E:\PROJECTS\MYPROJECTS\ROBO\1\SIMPLESOCCER\DEBUG\SUPPORTSPOTCALCULATOR.OBJ
E:\PROJECTS\MYPROJECTS\ROBO\1\SIMPLESOCCER\DEBUG\SUPPORTSPOTCALCULATOR.SBR
E:\PROJECTS\MYPROJECTS\ROBO\1\SIMPLESOCCER\DEBUG\TEAMSTATES.OBJ
E:\PROJECTS\MYPROJECTS\ROBO\1\SIMPLESOCCER\DEBUG\TEAMSTATES.SBR
E:\Projects\MyProjects\Robo\1\SimpleSoccer\Debug\vc100.idb
E:\PROJECTS\MYPROJECTS\ROBO\1\SIMPLESOCCER\DEBUG\VC100.PDB
E:\PROJECTS\MYPROJECTS\ROBO\1\SIMPLESOCCER\DEBUG\VECTOR2D.OBJ
E:\PROJECTS\MYPROJECTS\ROBO\1\SIMPLESOCCER\DEBUG\VECTOR2D.SBR
E:\PROJECTS\MYPROJECTS\ROBO\1\SIMPLESOCCER\DEBUG\WINDOWUTILS.OBJ
E:\PROJECTS\MYPROJECTS\ROBO\1\SIMPLESOCCER\DEBUG\WINDOWUTILS.SBR
