Build started 31.05.2013 23:02:38.
     1>Project "E:\Projects\MyProjects\Robo\1\SimpleSoccer\SimpleSoccer.vcxproj" on node 2 (build target(s)).
     1>InitializeBuildStatus:
         Creating ".\Debug\SimpleSoccer.unsuccessfulbuild" because "AlwaysCreate" was specified.
       ClCompile:
         C:\Program Files\Microsoft Visual Studio 10.0\VC\bin\CL.exe /c /IE:\Projects\MyProjects\Robo\1\Common /ZI /nologo /W3 /WX- /Od /Oy- /D WIN32 /D _DEBUG /D _WINDOWS /D _VC80_UPGRADE=0x0600 /D _MBCS /Gm /EHsc /RTC1 /MTd /GS /Gy- /fp:precise /Zc:wchar_t /Zc:forScope /GR /Fo".\Debug\\" /Fd".\Debug\vc100.pdb" /FR".\Debug\\" /Gd /TP /analyze- /errorReport:prompt Agent.cpp AgentManager.cpp FieldPlayer.cpp FieldPlayerStates.cpp GoalKeeperStates.cpp Goalkeeper.cpp MessageEvent.cpp MotionAgent.cpp ParamLoader.cpp PlayerBase.cpp SoccerBall.cpp SoccerPitch.cpp SoccerTeam.cpp SteeringBehaviors.cpp SupportSpotCalculator.cpp TeamStates.cpp main.cpp
         SoccerTeam.cpp
     1>e:\projects\myprojects\robo\1\simplesoccer\soccerpitch.h(98): warning C4018: '<' : signed/unsigned mismatch
     1>e:\projects\myprojects\robo\1\simplesoccer\soccerteam.cpp(427): warning C4244: 'initializing' : conversion from 'double' to 'int', possible loss of data
     1>e:\projects\myprojects\robo\1\simplesoccer\soccerteam.cpp(428): warning C4244: 'initializing' : conversion from 'double' to 'int', possible loss of data
     1>e:\projects\myprojects\robo\1\simplesoccer\soccerteam.cpp(735): warning C4018: '<' : signed/unsigned mismatch
         Goalkeeper.cpp
     1>e:\projects\myprojects\robo\1\simplesoccer\soccerpitch.h(98): warning C4018: '<' : signed/unsigned mismatch
         FieldPlayer.cpp
         Generating Code...
         Compiling...
         main.cpp
     1>e:\projects\myprojects\robo\1\simplesoccer\soccerpitch.h(98): warning C4018: '<' : signed/unsigned mismatch
         TeamStates.cpp
     1>e:\projects\myprojects\robo\1\simplesoccer\soccerpitch.h(98): warning C4018: '<' : signed/unsigned mismatch
         SupportSpotCalculator.cpp
     1>e:\projects\myprojects\robo\1\simplesoccer\soccerpitch.h(98): warning C4018: '<' : signed/unsigned mismatch
         SteeringBehaviors.cpp
         SoccerPitch.cpp
     1>e:\projects\myprojects\robo\1\simplesoccer\soccerpitch.h(98): warning C4018: '<' : signed/unsigned mismatch
         SoccerBall.cpp
         PlayerBase.cpp
     1>e:\projects\myprojects\robo\1\simplesoccer\soccerpitch.h(98): warning C4018: '<' : signed/unsigned mismatch
         ParamLoader.cpp
         MotionAgent.cpp
         MessageEvent.cpp
         GoalKeeperStates.cpp
     1>e:\projects\myprojects\robo\1\simplesoccer\soccerpitch.h(98): warning C4018: '<' : signed/unsigned mismatch
         FieldPlayerStates.cpp
     1>e:\projects\myprojects\robo\1\simplesoccer\soccerpitch.h(98): warning C4018: '<' : signed/unsigned mismatch
         AgentManager.cpp
         Agent.cpp
         Generating Code...
       ResourceCompile:
         All outputs are up-to-date.
       ManifestResourceCompile:
         All outputs are up-to-date.
       Link:
         C:\Program Files\Microsoft Visual Studio 10.0\VC\bin\link.exe /ERRORREPORT:PROMPT /OUT:".\Debug\SimpleSoccer.exe" /INCREMENTAL /NOLOGO odbc32.lib odbccp32.lib kernel32.lib user32.lib gdi32.lib winspool.lib comdlg32.lib advapi32.lib shell32.lib ole32.lib oleaut32.lib uuid.lib odbc32.lib odbccp32.lib /MANIFEST /ManifestFile:".\Debug\SimpleSoccer.exe.intermediate.manifest" /MANIFESTUAC:"level='asInvoker' uiAccess='false'" /DEBUG /PDB:"E:\Projects\MyProjects\Robo\1\SimpleSoccer\Debug\SimpleSoccer.pdb" /SUBSYSTEM:WINDOWS /TLBID:1 /DYNAMICBASE /NXCOMPAT /IMPLIB:".\Debug\SimpleSoccer.lib" /MACHINE:X86 .\Debug\Script1.res
         .\Debug\SimpleSoccer.exe.embed.manifest.res
         .\Debug\Agent.obj
         .\Debug\AgentManager.obj
         .\Debug\main.obj
         .\Debug\Message.obj
         .\Debug\MessageEvent.obj
         .\Debug\MotionAgent.obj
         .\Debug\ParamLoader.obj
         .\Debug\SoccerPitch.obj
         .\Debug\SoccerTeam.obj
         .\Debug\SteeringBehaviors.obj
         .\Debug\SupportSpotCalculator.obj
         .\Debug\FieldPlayerStates.obj
         .\Debug\GoalKeeperStates.obj
         .\Debug\TeamStates.obj
         .\Debug\EntityManager.obj
         .\Debug\FieldPlayer.obj
         .\Debug\Goalkeeper.obj
         .\Debug\PlayerBase.obj
         .\Debug\SoccerBall.obj
         .\Debug\DebugConsole.obj
         .\Debug\Cgdi.obj
         .\Debug\FrameCounter.obj
         .\Debug\iniFileLoaderBase.obj
         .\Debug\PrecisionTimer.obj
         .\Debug\Vector2d.obj
         .\Debug\WindowUtils.obj
       Manifest:
         C:\Program Files\Microsoft SDKs\Windows\v7.0A\bin\mt.exe /nologo /verbose /out:".\Debug\SimpleSoccer.exe.embed.manifest" /manifest .\Debug\SimpleSoccer.exe.intermediate.manifest
         All outputs are up-to-date.
       LinkEmbedManifest:
         All outputs are up-to-date.
         SimpleSoccer.vcxproj -> E:\Projects\MyProjects\Robo\1\SimpleSoccer\.\Debug\SimpleSoccer.exe
       BscMake:
         C:\Program Files\Microsoft Visual Studio 10.0\VC\bin\bscmake.exe /nologo /o".\Debug\SimpleSoccer.bsc" .\Debug\Agent.sbr .\Debug\AgentManager.sbr .\Debug\main.sbr .\Debug\Message.sbr .\Debug\MessageEvent.sbr .\Debug\MotionAgent.sbr .\Debug\ParamLoader.sbr .\Debug\SoccerPitch.sbr .\Debug\SoccerTeam.sbr .\Debug\SteeringBehaviors.sbr .\Debug\SupportSpotCalculator.sbr .\Debug\FieldPlayerStates.sbr .\Debug\GoalKeeperStates.sbr .\Debug\TeamStates.sbr .\Debug\EntityManager.sbr .\Debug\FieldPlayer.sbr .\Debug\Goalkeeper.sbr .\Debug\PlayerBase.sbr .\Debug\SoccerBall.sbr .\Debug\DebugConsole.sbr .\Debug\Cgdi.sbr .\Debug\FrameCounter.sbr .\Debug\iniFileLoaderBase.sbr .\Debug\PrecisionTimer.sbr .\Debug\Vector2d.sbr .\Debug\WindowUtils.sbr
       FinalizeBuildStatus:
         Deleting file ".\Debug\SimpleSoccer.unsuccessfulbuild".
         Touching ".\Debug\SimpleSoccer.lastbuildstate".
     1>Done Building Project "E:\Projects\MyProjects\Robo\1\SimpleSoccer\SimpleSoccer.vcxproj" (build target(s)).

Build succeeded.

Time Elapsed 00:06:53.41
