.\Release\SimpleSoccer.bsc
E:\Projects\MyProjects\Robo\1\SimpleSoccer\.\Release\SimpleSoccer.exe
E:\Projects\MyProjects\Robo\1\SimpleSoccer\.\Release\SimpleSoccer.exe.intermediate.manifest
E:\PROJECTS\MYPROJECTS\ROBO\1\SIMPLESOCCER\RELEASE\AGENT.OBJ
E:\PROJECTS\MYPROJECTS\ROBO\1\SIMPLESOCCER\RELEASE\AGENT.SBR
E:\PROJECTS\MYPROJECTS\ROBO\1\SIMPLESOCCER\RELEASE\AGENTMANAGER.OBJ
E:\PROJECTS\MYPROJECTS\ROBO\1\SIMPLESOCCER\RELEASE\AGENTMANAGER.SBR
E:\Projects\MyProjects\Robo\1\SimpleSoccer\Release\BscMake.command.1.tlog
E:\Projects\MyProjects\Robo\1\SimpleSoccer\Release\bscmake.read.1.tlog
E:\Projects\MyProjects\Robo\1\SimpleSoccer\Release\bscmake.write.1.tlog
E:\PROJECTS\MYPROJECTS\ROBO\1\SIMPLESOCCER\RELEASE\CGDI.OBJ
E:\PROJECTS\MYPROJECTS\ROBO\1\SIMPLESOCCER\RELEASE\CGDI.SBR
E:\Projects\MyProjects\Robo\1\SimpleSoccer\Release\cl.command.1.tlog
E:\Projects\MyProjects\Robo\1\SimpleSoccer\Release\CL.read.1.tlog
E:\Projects\MyProjects\Robo\1\SimpleSoccer\Release\CL.write.1.tlog
E:\PROJECTS\MYPROJECTS\ROBO\1\SIMPLESOCCER\RELEASE\DEBUGCONSOLE.OBJ
E:\PROJECTS\MYPROJECTS\ROBO\1\SIMPLESOCCER\RELEASE\DEBUGCONSOLE.SBR
E:\PROJECTS\MYPROJECTS\ROBO\1\SIMPLESOCCER\RELEASE\ENTITYMANAGER.OBJ
E:\PROJECTS\MYPROJECTS\ROBO\1\SIMPLESOCCER\RELEASE\ENTITYMANAGER.SBR
E:\PROJECTS\MYPROJECTS\ROBO\1\SIMPLESOCCER\RELEASE\FIELDPLAYER.OBJ
E:\PROJECTS\MYPROJECTS\ROBO\1\SIMPLESOCCER\RELEASE\FIELDPLAYER.SBR
E:\PROJECTS\MYPROJECTS\ROBO\1\SIMPLESOCCER\RELEASE\FIELDPLAYERSTATES.OBJ
E:\PROJECTS\MYPROJECTS\ROBO\1\SIMPLESOCCER\RELEASE\FIELDPLAYERSTATES.SBR
E:\PROJECTS\MYPROJECTS\ROBO\1\SIMPLESOCCER\RELEASE\FRAMECOUNTER.OBJ
E:\PROJECTS\MYPROJECTS\ROBO\1\SIMPLESOCCER\RELEASE\FRAMECOUNTER.SBR
E:\PROJECTS\MYPROJECTS\ROBO\1\SIMPLESOCCER\RELEASE\GOALKEEPER.OBJ
E:\PROJECTS\MYPROJECTS\ROBO\1\SIMPLESOCCER\RELEASE\GOALKEEPER.SBR
E:\PROJECTS\MYPROJECTS\ROBO\1\SIMPLESOCCER\RELEASE\GOALKEEPERSTATES.OBJ
E:\PROJECTS\MYPROJECTS\ROBO\1\SIMPLESOCCER\RELEASE\GOALKEEPERSTATES.SBR
E:\PROJECTS\MYPROJECTS\ROBO\1\SIMPLESOCCER\RELEASE\INIFILELOADERBASE.OBJ
E:\PROJECTS\MYPROJECTS\ROBO\1\SIMPLESOCCER\RELEASE\INIFILELOADERBASE.SBR
E:\Projects\MyProjects\Robo\1\SimpleSoccer\Release\link.command.1.tlog
E:\Projects\MyProjects\Robo\1\SimpleSoccer\Release\link.read.1.tlog
E:\Projects\MyProjects\Robo\1\SimpleSoccer\Release\link.write.1.tlog
E:\Projects\MyProjects\Robo\1\SimpleSoccer\Release\link-cvtres.read.1.tlog
E:\Projects\MyProjects\Robo\1\SimpleSoccer\Release\link-cvtres.write.1.tlog
E:\PROJECTS\MYPROJECTS\ROBO\1\SIMPLESOCCER\RELEASE\MAIN.OBJ
E:\PROJECTS\MYPROJECTS\ROBO\1\SIMPLESOCCER\RELEASE\MAIN.SBR
E:\PROJECTS\MYPROJECTS\ROBO\1\SIMPLESOCCER\RELEASE\MESSAGE.OBJ
E:\PROJECTS\MYPROJECTS\ROBO\1\SIMPLESOCCER\RELEASE\MESSAGE.SBR
E:\PROJECTS\MYPROJECTS\ROBO\1\SIMPLESOCCER\RELEASE\MESSAGEEVENT.OBJ
E:\PROJECTS\MYPROJECTS\ROBO\1\SIMPLESOCCER\RELEASE\MESSAGEEVENT.SBR
E:\PROJECTS\MYPROJECTS\ROBO\1\SIMPLESOCCER\RELEASE\MOTIONAGENT.OBJ
E:\PROJECTS\MYPROJECTS\ROBO\1\SIMPLESOCCER\RELEASE\MOTIONAGENT.SBR
E:\Projects\MyProjects\Robo\1\SimpleSoccer\Release\mt.command.1.tlog
E:\Projects\MyProjects\Robo\1\SimpleSoccer\Release\mt.read.1.tlog
E:\Projects\MyProjects\Robo\1\SimpleSoccer\Release\mt.write.1.tlog
E:\PROJECTS\MYPROJECTS\ROBO\1\SIMPLESOCCER\RELEASE\PARAMLOADER.OBJ
E:\PROJECTS\MYPROJECTS\ROBO\1\SIMPLESOCCER\RELEASE\PARAMLOADER.SBR
E:\PROJECTS\MYPROJECTS\ROBO\1\SIMPLESOCCER\RELEASE\PLAYERBASE.OBJ
E:\PROJECTS\MYPROJECTS\ROBO\1\SIMPLESOCCER\RELEASE\PLAYERBASE.SBR
E:\PROJECTS\MYPROJECTS\ROBO\1\SIMPLESOCCER\RELEASE\PRECISIONTIMER.OBJ
E:\PROJECTS\MYPROJECTS\ROBO\1\SIMPLESOCCER\RELEASE\PRECISIONTIMER.SBR
E:\Projects\MyProjects\Robo\1\SimpleSoccer\Release\rc.command.1.tlog
E:\Projects\MyProjects\Robo\1\SimpleSoccer\Release\rc.read.1.tlog
E:\Projects\MyProjects\Robo\1\SimpleSoccer\Release\rc.write.1.tlog
E:\PROJECTS\MYPROJECTS\ROBO\1\SIMPLESOCCER\RELEASE\SCRIPT1.RES
E:\PROJECTS\MYPROJECTS\ROBO\1\SIMPLESOCCER\RELEASE\SIMPLESOCCER.BSC
E:\PROJECTS\MYPROJECTS\ROBO\1\SIMPLESOCCER\RELEASE\SIMPLESOCCER.EXE
E:\PROJECTS\MYPROJECTS\ROBO\1\SIMPLESOCCER\RELEASE\SIMPLESOCCER.EXE.INTERMEDIATE.MANIFEST
E:\PROJECTS\MYPROJECTS\ROBO\1\SIMPLESOCCER\RELEASE\SOCCERBALL.OBJ
E:\PROJECTS\MYPROJECTS\ROBO\1\SIMPLESOCCER\RELEASE\SOCCERBALL.SBR
E:\PROJECTS\MYPROJECTS\ROBO\1\SIMPLESOCCER\RELEASE\SOCCERPITCH.OBJ
E:\PROJECTS\MYPROJECTS\ROBO\1\SIMPLESOCCER\RELEASE\SOCCERPITCH.SBR
E:\PROJECTS\MYPROJECTS\ROBO\1\SIMPLESOCCER\RELEASE\SOCCERTEAM.OBJ
E:\PROJECTS\MYPROJECTS\ROBO\1\SIMPLESOCCER\RELEASE\SOCCERTEAM.SBR
E:\PROJECTS\MYPROJECTS\ROBO\1\SIMPLESOCCER\RELEASE\STEERINGBEHAVIORS.OBJ
E:\PROJECTS\MYPROJECTS\ROBO\1\SIMPLESOCCER\RELEASE\STEERINGBEHAVIORS.SBR
E:\PROJECTS\MYPROJECTS\ROBO\1\SIMPLESOCCER\RELEASE\SUPPORTSPOTCALCULATOR.OBJ
E:\PROJECTS\MYPROJECTS\ROBO\1\SIMPLESOCCER\RELEASE\SUPPORTSPOTCALCULATOR.SBR
E:\PROJECTS\MYPROJECTS\ROBO\1\SIMPLESOCCER\RELEASE\TEAMSTATES.OBJ
E:\PROJECTS\MYPROJECTS\ROBO\1\SIMPLESOCCER\RELEASE\TEAMSTATES.SBR
E:\PROJECTS\MYPROJECTS\ROBO\1\SIMPLESOCCER\RELEASE\VC100.PDB
E:\PROJECTS\MYPROJECTS\ROBO\1\SIMPLESOCCER\RELEASE\VECTOR2D.OBJ
E:\PROJECTS\MYPROJECTS\ROBO\1\SIMPLESOCCER\RELEASE\VECTOR2D.SBR
E:\PROJECTS\MYPROJECTS\ROBO\1\SIMPLESOCCER\RELEASE\WINDOWUTILS.OBJ
E:\PROJECTS\MYPROJECTS\ROBO\1\SIMPLESOCCER\RELEASE\WINDOWUTILS.SBR
